<?xml version="1.0" encoding="utf-8"?>
<shfbBuild product="Sandcastle Help File Builder" version="1.9.3.0" projectFile="G:\NTG git\GridControl\help\GridControlHelp.shfbproj" started="2012-03-09 오전 11:27:52">
<buildStep step="Initializing">
</buildStep>
<buildStep step="ClearWorkFolder">
Clearing working folder...
</buildStep>
<buildStep step="FindingTools">
Finding tools...
Found Sandcastle tools in &#39;C:\Program Files\Sandcastle\&#39;
</buildStep>
<buildStep step="ValidatingDocumentationSources">
Validating and copying documentation source information
Source: G:\NTG git\GridControl\bin\lib\Ntreev.Windows.Forms.Grid.dll
    Found assembly &#39;G:\NTG git\GridControl\bin\lib\Ntreev.Windows.Forms.Grid.dll&#39;
Source: G:\NTG git\GridControl\bin\lib\Ntreev.Windows.Forms.Grid.xml

Copying XML comments files
    G:\NTG git\GridControl\bin\lib\Ntreev.Windows.Forms.Grid.xml -&gt; G:\NTG git\GridControl\bin\help\Working\Ntreev.Windows.Forms.Grid.xml
</buildStep>
<buildStep step="GenerateSharedContent">
Generating shared content files (ko-KR, 한국어 (대한민국))...
SHFB: Warning BE0003: Sandcastle shared content for the &#39;ko-KR, 한국어 (대한민국)&#39; language could not be found.  Using &#39;en-US, English (US)&#39; defaults.
    Last step completed in 00:00:00.0100
</buildStep>
<buildStep step="GenerateApiFilter">
Generating API filter for MRefBuilder...
    Last step completed in 00:00:00.0000
</buildStep>
<buildStep step="GenerateReflectionInfo">
Generating reflection information...
[C:\Windows\Microsoft.NET\Framework\v4.0.30319\MSBuild.exe]
  MrefBuilder (v2.6.10621.1)
  Copyright ⓒ Microsoft 2006
  Info: Loaded 1 assemblies for reflection and 0 dependency assemblies.
  Info: Wrote information on 3 namespaces, 78 types, and 692 members
  XslTransform (v2.6.10621.1)
  Copyright ⓒ Microsoft 2005-2006
  Info: Applying XSL transformation &#39;C:\Program Files\Sandcastle\ProductionTransforms\MergeDuplicates.xsl&#39;.
  reflection.all -&gt; reflection.org
    Last step completed in 00:00:01.4352
</buildStep>
<buildStep step="GenerateNamespaceSummaries">
Generating namespace summary information...
    Last step completed in 00:00:00.0000
</buildStep>
<buildStep step="ApplyVisibilityProperties">
Applying visibility properties to reflection information file
    157 attribute nodes removed
    93 explicit interface implementations removed
    203 local and base class EII elements removed
    1257 inherited member elements removed
    Last step completed in 00:00:00.0468
</buildStep>
<buildStep step="TransformReflectionInfo">
Transforming reflection output...
[C:\Windows\Microsoft.NET\Framework\v4.0.30319\MSBuild.exe]
  XslTransform (v2.6.10621.1)
  Copyright ⓒ Microsoft 2005-2006
  Info: Applying XSL transformation &#39;C:\Program Files\Sandcastle\ProductionTransforms\ApplyVSDocModel.xsl&#39;.
  reflection.org -&gt; C:\Users\s2quake\AppData\Local\Temp\tmpA2A6.tmp
  Info: Applying XSL transformation &#39;C:\Program Files\Sandcastle\ProductionTransforms\AddGuidFilenames.xsl&#39;.
  C:\Users\s2quake\AppData\Local\Temp\tmpA2A6.tmp -&gt; reflection.xml
  XslTransform (v2.6.10621.1)
  Copyright ⓒ Microsoft 2005-2006
  Info: Applying XSL transformation &#39;C:\Program Files\Sandcastle\ProductionTransforms\ReflectionToManifest.xsl&#39;.
  reflection.xml -&gt; manifest.xml
    Last step completed in 00:00:01.5444
</buildStep>
<buildStep step="ModifyHelpTopicFilenames">
Modifying help topic filenames in reflection information file
    No changes required
    Last step completed in 00:00:00.0156
</buildStep>
<buildStep step="CopyStandardContent">
Copying standard help content...
C:\Program Files\Sandcastle\Presentation\vs2005\icons\adm.gif -&gt; G:\NTG git\GridControl\bin\help\Working\Output\Website\icons\adm.gif
C:\Program Files\Sandcastle\Presentation\vs2005\icons\adm_arch.gif -&gt; G:\NTG git\GridControl\bin\help\Working\Output\Website\icons\adm_arch.gif
C:\Program Files\Sandcastle\Presentation\vs2005\icons\adm_dev.gif -&gt; G:\NTG git\GridControl\bin\help\Working\Output\Website\icons\adm_dev.gif
C:\Program Files\Sandcastle\Presentation\vs2005\icons\adm_dev_arch.gif -&gt; G:\NTG git\GridControl\bin\help\Working\Output\Website\icons\adm_dev_arch.gif
C:\Program Files\Sandcastle\Presentation\vs2005\icons\alert_caution.gif -&gt; G:\NTG git\GridControl\bin\help\Working\Output\Website\icons\alert_caution.gif
C:\Program Files\Sandcastle\Presentation\vs2005\icons\alert_note.gif -&gt; G:\NTG git\GridControl\bin\help\Working\Output\Website\icons\alert_note.gif
C:\Program Files\Sandcastle\Presentation\vs2005\icons\alert_security.gif -&gt; G:\NTG git\GridControl\bin\help\Working\Output\Website\icons\alert_security.gif
C:\Program Files\Sandcastle\Presentation\vs2005\icons\arch.gif -&gt; G:\NTG git\GridControl\bin\help\Working\Output\Website\icons\arch.gif
C:\Program Files\Sandcastle\Presentation\vs2005\icons\big_adm.gif -&gt; G:\NTG git\GridControl\bin\help\Working\Output\Website\icons\big_adm.gif
C:\Program Files\Sandcastle\Presentation\vs2005\icons\big_arch.gif -&gt; G:\NTG git\GridControl\bin\help\Working\Output\Website\icons\big_arch.gif
C:\Program Files\Sandcastle\Presentation\vs2005\icons\big_dev.gif -&gt; G:\NTG git\GridControl\bin\help\Working\Output\Website\icons\big_dev.gif
C:\Program Files\Sandcastle\Presentation\vs2005\icons\big_kw.gif -&gt; G:\NTG git\GridControl\bin\help\Working\Output\Website\icons\big_kw.gif
C:\Program Files\Sandcastle\Presentation\vs2005\icons\box.gif -&gt; G:\NTG git\GridControl\bin\help\Working\Output\Website\icons\box.gif
C:\Program Files\Sandcastle\Presentation\vs2005\icons\Caution.gif -&gt; G:\NTG git\GridControl\bin\help\Working\Output\Website\icons\Caution.gif
C:\Program Files\Sandcastle\Presentation\vs2005\icons\CFW.gif -&gt; G:\NTG git\GridControl\bin\help\Working\Output\Website\icons\CFW.gif
C:\Program Files\Sandcastle\Presentation\vs2005\icons\collall.gif -&gt; G:\NTG git\GridControl\bin\help\Working\Output\Website\icons\collall.gif
C:\Program Files\Sandcastle\Presentation\vs2005\icons\collapse.gif -&gt; G:\NTG git\GridControl\bin\help\Working\Output\Website\icons\collapse.gif
C:\Program Files\Sandcastle\Presentation\vs2005\icons\collapse_all.gif -&gt; G:\NTG git\GridControl\bin\help\Working\Output\Website\icons\collapse_all.gif
C:\Program Files\Sandcastle\Presentation\vs2005\icons\copycode.gif -&gt; G:\NTG git\GridControl\bin\help\Working\Output\Website\icons\copycode.gif
C:\Program Files\Sandcastle\Presentation\vs2005\icons\copycodeHighlight.gif -&gt; G:\NTG git\GridControl\bin\help\Working\Output\Website\icons\copycodeHighlight.gif
C:\Program Files\Sandcastle\Presentation\vs2005\icons\dev.gif -&gt; G:\NTG git\GridControl\bin\help\Working\Output\Website\icons\dev.gif
C:\Program Files\Sandcastle\Presentation\vs2005\icons\dev_arch.gif -&gt; G:\NTG git\GridControl\bin\help\Working\Output\Website\icons\dev_arch.gif
C:\Program Files\Sandcastle\Presentation\vs2005\icons\dropdown.gif -&gt; G:\NTG git\GridControl\bin\help\Working\Output\Website\icons\dropdown.gif
C:\Program Files\Sandcastle\Presentation\vs2005\icons\dropdownHover.gif -&gt; G:\NTG git\GridControl\bin\help\Working\Output\Website\icons\dropdownHover.gif
C:\Program Files\Sandcastle\Presentation\vs2005\icons\drpdown.gif -&gt; G:\NTG git\GridControl\bin\help\Working\Output\Website\icons\drpdown.gif
C:\Program Files\Sandcastle\Presentation\vs2005\icons\drpdown_orange.gif -&gt; G:\NTG git\GridControl\bin\help\Working\Output\Website\icons\drpdown_orange.gif
C:\Program Files\Sandcastle\Presentation\vs2005\icons\drpdown_orange_up.gif -&gt; G:\NTG git\GridControl\bin\help\Working\Output\Website\icons\drpdown_orange_up.gif
C:\Program Files\Sandcastle\Presentation\vs2005\icons\drpup.gif -&gt; G:\NTG git\GridControl\bin\help\Working\Output\Website\icons\drpup.gif
C:\Program Files\Sandcastle\Presentation\vs2005\icons\exp.gif -&gt; G:\NTG git\GridControl\bin\help\Working\Output\Website\icons\exp.gif
C:\Program Files\Sandcastle\Presentation\vs2005\icons\expall.gif -&gt; G:\NTG git\GridControl\bin\help\Working\Output\Website\icons\expall.gif
C:\Program Files\Sandcastle\Presentation\vs2005\icons\expand_all.gif -&gt; G:\NTG git\GridControl\bin\help\Working\Output\Website\icons\expand_all.gif
C:\Program Files\Sandcastle\Presentation\vs2005\icons\filter1a.gif -&gt; G:\NTG git\GridControl\bin\help\Working\Output\Website\icons\filter1a.gif
C:\Program Files\Sandcastle\Presentation\vs2005\icons\filter1c.gif -&gt; G:\NTG git\GridControl\bin\help\Working\Output\Website\icons\filter1c.gif
C:\Program Files\Sandcastle\Presentation\vs2005\icons\footer.gif -&gt; G:\NTG git\GridControl\bin\help\Working\Output\Website\icons\footer.gif
C:\Program Files\Sandcastle\Presentation\vs2005\icons\gradient.gif -&gt; G:\NTG git\GridControl\bin\help\Working\Output\Website\icons\gradient.gif
C:\Program Files\Sandcastle\Presentation\vs2005\icons\greencheck.gif -&gt; G:\NTG git\GridControl\bin\help\Working\Output\Website\icons\greencheck.gif
C:\Program Files\Sandcastle\Presentation\vs2005\icons\greychck.gif -&gt; G:\NTG git\GridControl\bin\help\Working\Output\Website\icons\greychck.gif
C:\Program Files\Sandcastle\Presentation\vs2005\icons\header_prev_next.jpg -&gt; G:\NTG git\GridControl\bin\help\Working\Output\Website\icons\header_prev_next.jpg
C:\Program Files\Sandcastle\Presentation\vs2005\icons\header_sql_tutorial_blank.jpg -&gt; G:\NTG git\GridControl\bin\help\Working\Output\Website\icons\header_sql_tutorial_blank.jpg
C:\Program Files\Sandcastle\Presentation\vs2005\icons\header_sql_tutorial_logo.GIF -&gt; G:\NTG git\GridControl\bin\help\Working\Output\Website\icons\header_sql_tutorial_logo.GIF
C:\Program Files\Sandcastle\Presentation\vs2005\icons\kw.gif -&gt; G:\NTG git\GridControl\bin\help\Working\Output\Website\icons\kw.gif
C:\Program Files\Sandcastle\Presentation\vs2005\icons\kw_adm.gif -&gt; G:\NTG git\GridControl\bin\help\Working\Output\Website\icons\kw_adm.gif
C:\Program Files\Sandcastle\Presentation\vs2005\icons\kw_adm_arch.gif -&gt; G:\NTG git\GridControl\bin\help\Working\Output\Website\icons\kw_adm_arch.gif
C:\Program Files\Sandcastle\Presentation\vs2005\icons\kw_adm_dev.gif -&gt; G:\NTG git\GridControl\bin\help\Working\Output\Website\icons\kw_adm_dev.gif
C:\Program Files\Sandcastle\Presentation\vs2005\icons\kw_adm_dev_arch.gif -&gt; G:\NTG git\GridControl\bin\help\Working\Output\Website\icons\kw_adm_dev_arch.gif
C:\Program Files\Sandcastle\Presentation\vs2005\icons\kw_arch.gif -&gt; G:\NTG git\GridControl\bin\help\Working\Output\Website\icons\kw_arch.gif
C:\Program Files\Sandcastle\Presentation\vs2005\icons\kw_dev.gif -&gt; G:\NTG git\GridControl\bin\help\Working\Output\Website\icons\kw_dev.gif
C:\Program Files\Sandcastle\Presentation\vs2005\icons\kw_dev_arch.gif -&gt; G:\NTG git\GridControl\bin\help\Working\Output\Website\icons\kw_dev_arch.gif
C:\Program Files\Sandcastle\Presentation\vs2005\icons\LastChild.gif -&gt; G:\NTG git\GridControl\bin\help\Working\Output\Website\icons\LastChild.gif
C:\Program Files\Sandcastle\Presentation\vs2005\icons\load.gif -&gt; G:\NTG git\GridControl\bin\help\Working\Output\Website\icons\load.gif
C:\Program Files\Sandcastle\Presentation\vs2005\icons\load_hover.gif -&gt; G:\NTG git\GridControl\bin\help\Working\Output\Website\icons\load_hover.gif
C:\Program Files\Sandcastle\Presentation\vs2005\icons\note.gif -&gt; G:\NTG git\GridControl\bin\help\Working\Output\Website\icons\note.gif
C:\Program Files\Sandcastle\Presentation\vs2005\icons\pencil.GIF -&gt; G:\NTG git\GridControl\bin\help\Working\Output\Website\icons\pencil.GIF
C:\Program Files\Sandcastle\Presentation\vs2005\icons\privclass.gif -&gt; G:\NTG git\GridControl\bin\help\Working\Output\Website\icons\privclass.gif
C:\Program Files\Sandcastle\Presentation\vs2005\icons\privdelegate.gif -&gt; G:\NTG git\GridControl\bin\help\Working\Output\Website\icons\privdelegate.gif
C:\Program Files\Sandcastle\Presentation\vs2005\icons\privenum.gif -&gt; G:\NTG git\GridControl\bin\help\Working\Output\Website\icons\privenum.gif
C:\Program Files\Sandcastle\Presentation\vs2005\icons\privenumeration.gif -&gt; G:\NTG git\GridControl\bin\help\Working\Output\Website\icons\privenumeration.gif
C:\Program Files\Sandcastle\Presentation\vs2005\icons\privevent.gif -&gt; G:\NTG git\GridControl\bin\help\Working\Output\Website\icons\privevent.gif
C:\Program Files\Sandcastle\Presentation\vs2005\icons\privextension.gif -&gt; G:\NTG git\GridControl\bin\help\Working\Output\Website\icons\privextension.gif
C:\Program Files\Sandcastle\Presentation\vs2005\icons\privfield.gif -&gt; G:\NTG git\GridControl\bin\help\Working\Output\Website\icons\privfield.gif
C:\Program Files\Sandcastle\Presentation\vs2005\icons\privinterface.gif -&gt; G:\NTG git\GridControl\bin\help\Working\Output\Website\icons\privinterface.gif
C:\Program Files\Sandcastle\Presentation\vs2005\icons\privmethod.gif -&gt; G:\NTG git\GridControl\bin\help\Working\Output\Website\icons\privmethod.gif
C:\Program Files\Sandcastle\Presentation\vs2005\icons\privproperty.gif -&gt; G:\NTG git\GridControl\bin\help\Working\Output\Website\icons\privproperty.gif
C:\Program Files\Sandcastle\Presentation\vs2005\icons\privstructure.gif -&gt; G:\NTG git\GridControl\bin\help\Working\Output\Website\icons\privstructure.gif
C:\Program Files\Sandcastle\Presentation\vs2005\icons\protclass.gif -&gt; G:\NTG git\GridControl\bin\help\Working\Output\Website\icons\protclass.gif
C:\Program Files\Sandcastle\Presentation\vs2005\icons\protdelegate.gif -&gt; G:\NTG git\GridControl\bin\help\Working\Output\Website\icons\protdelegate.gif
C:\Program Files\Sandcastle\Presentation\vs2005\icons\protenum.gif -&gt; G:\NTG git\GridControl\bin\help\Working\Output\Website\icons\protenum.gif
C:\Program Files\Sandcastle\Presentation\vs2005\icons\protenumeration.gif -&gt; G:\NTG git\GridControl\bin\help\Working\Output\Website\icons\protenumeration.gif
C:\Program Files\Sandcastle\Presentation\vs2005\icons\protevent.gif -&gt; G:\NTG git\GridControl\bin\help\Working\Output\Website\icons\protevent.gif
C:\Program Files\Sandcastle\Presentation\vs2005\icons\protextension.gif -&gt; G:\NTG git\GridControl\bin\help\Working\Output\Website\icons\protextension.gif
C:\Program Files\Sandcastle\Presentation\vs2005\icons\protfield.gif -&gt; G:\NTG git\GridControl\bin\help\Working\Output\Website\icons\protfield.gif
C:\Program Files\Sandcastle\Presentation\vs2005\icons\protinterface.gif -&gt; G:\NTG git\GridControl\bin\help\Working\Output\Website\icons\protinterface.gif
C:\Program Files\Sandcastle\Presentation\vs2005\icons\protmethod.gif -&gt; G:\NTG git\GridControl\bin\help\Working\Output\Website\icons\protmethod.gif
C:\Program Files\Sandcastle\Presentation\vs2005\icons\protoperator.gif -&gt; G:\NTG git\GridControl\bin\help\Working\Output\Website\icons\protoperator.gif
C:\Program Files\Sandcastle\Presentation\vs2005\icons\protproperty.gif -&gt; G:\NTG git\GridControl\bin\help\Working\Output\Website\icons\protproperty.gif
C:\Program Files\Sandcastle\Presentation\vs2005\icons\protstructure.gif -&gt; G:\NTG git\GridControl\bin\help\Working\Output\Website\icons\protstructure.gif
C:\Program Files\Sandcastle\Presentation\vs2005\icons\pubclass.gif -&gt; G:\NTG git\GridControl\bin\help\Working\Output\Website\icons\pubclass.gif
C:\Program Files\Sandcastle\Presentation\vs2005\icons\pubdelegate.gif -&gt; G:\NTG git\GridControl\bin\help\Working\Output\Website\icons\pubdelegate.gif
C:\Program Files\Sandcastle\Presentation\vs2005\icons\pubenum.gif -&gt; G:\NTG git\GridControl\bin\help\Working\Output\Website\icons\pubenum.gif
C:\Program Files\Sandcastle\Presentation\vs2005\icons\pubenumeration.gif -&gt; G:\NTG git\GridControl\bin\help\Working\Output\Website\icons\pubenumeration.gif
C:\Program Files\Sandcastle\Presentation\vs2005\icons\pubevent.gif -&gt; G:\NTG git\GridControl\bin\help\Working\Output\Website\icons\pubevent.gif
C:\Program Files\Sandcastle\Presentation\vs2005\icons\pubextension.gif -&gt; G:\NTG git\GridControl\bin\help\Working\Output\Website\icons\pubextension.gif
C:\Program Files\Sandcastle\Presentation\vs2005\icons\pubfield.gif -&gt; G:\NTG git\GridControl\bin\help\Working\Output\Website\icons\pubfield.gif
C:\Program Files\Sandcastle\Presentation\vs2005\icons\pubinterface.gif -&gt; G:\NTG git\GridControl\bin\help\Working\Output\Website\icons\pubinterface.gif
C:\Program Files\Sandcastle\Presentation\vs2005\icons\pubmethod.gif -&gt; G:\NTG git\GridControl\bin\help\Working\Output\Website\icons\pubmethod.gif
C:\Program Files\Sandcastle\Presentation\vs2005\icons\puboperator.gif -&gt; G:\NTG git\GridControl\bin\help\Working\Output\Website\icons\puboperator.gif
C:\Program Files\Sandcastle\Presentation\vs2005\icons\pubproperty.gif -&gt; G:\NTG git\GridControl\bin\help\Working\Output\Website\icons\pubproperty.gif
C:\Program Files\Sandcastle\Presentation\vs2005\icons\pubstructure.gif -&gt; G:\NTG git\GridControl\bin\help\Working\Output\Website\icons\pubstructure.gif
C:\Program Files\Sandcastle\Presentation\vs2005\icons\requirements1a.gif -&gt; G:\NTG git\GridControl\bin\help\Working\Output\Website\icons\requirements1a.gif
C:\Program Files\Sandcastle\Presentation\vs2005\icons\requirements1c.gif -&gt; G:\NTG git\GridControl\bin\help\Working\Output\Website\icons\requirements1c.gif
C:\Program Files\Sandcastle\Presentation\vs2005\icons\save.gif -&gt; G:\NTG git\GridControl\bin\help\Working\Output\Website\icons\save.gif
C:\Program Files\Sandcastle\Presentation\vs2005\icons\save_hover.gif -&gt; G:\NTG git\GridControl\bin\help\Working\Output\Website\icons\save_hover.gif
C:\Program Files\Sandcastle\Presentation\vs2005\icons\security.gif -&gt; G:\NTG git\GridControl\bin\help\Working\Output\Website\icons\security.gif
C:\Program Files\Sandcastle\Presentation\vs2005\icons\seealso1a.gif -&gt; G:\NTG git\GridControl\bin\help\Working\Output\Website\icons\seealso1a.gif
C:\Program Files\Sandcastle\Presentation\vs2005\icons\seealso1c.gif -&gt; G:\NTG git\GridControl\bin\help\Working\Output\Website\icons\seealso1c.gif
C:\Program Files\Sandcastle\Presentation\vs2005\icons\slMobile.gif -&gt; G:\NTG git\GridControl\bin\help\Working\Output\Website\icons\slMobile.gif
C:\Program Files\Sandcastle\Presentation\vs2005\icons\static.gif -&gt; G:\NTG git\GridControl\bin\help\Working\Output\Website\icons\static.gif
C:\Program Files\Sandcastle\Presentation\vs2005\icons\xna.gif -&gt; G:\NTG git\GridControl\bin\help\Working\Output\Website\icons\xna.gif
C:\Program Files\Sandcastle\Presentation\vs2005\scripts\CheckboxMenu.js -&gt; G:\NTG git\GridControl\bin\help\Working\Output\Website\scripts\CheckboxMenu.js
C:\Program Files\Sandcastle\Presentation\vs2005\scripts\CommonUtilities.js -&gt; G:\NTG git\GridControl\bin\help\Working\Output\Website\scripts\CommonUtilities.js
C:\Program Files\Sandcastle\Presentation\vs2005\scripts\Dropdown.js -&gt; G:\NTG git\GridControl\bin\help\Working\Output\Website\scripts\Dropdown.js
C:\Program Files\Sandcastle\Presentation\vs2005\scripts\EventUtilities.js -&gt; G:\NTG git\GridControl\bin\help\Working\Output\Website\scripts\EventUtilities.js
C:\Program Files\Sandcastle\Presentation\vs2005\scripts\script_feedBack.js -&gt; G:\NTG git\GridControl\bin\help\Working\Output\Website\scripts\script_feedBack.js
C:\Program Files\Sandcastle\Presentation\vs2005\scripts\script_manifold.js -&gt; G:\NTG git\GridControl\bin\help\Working\Output\Website\scripts\script_manifold.js
C:\Program Files\Sandcastle\Presentation\vs2005\scripts\SplitScreen.js -&gt; G:\NTG git\GridControl\bin\help\Working\Output\Website\scripts\SplitScreen.js
C:\Program Files\Sandcastle\Presentation\vs2005\styles\Presentation.css -&gt; G:\NTG git\GridControl\bin\help\Working\Output\Website\styles\Presentation.css
C:\Program Files\Sandcastle\Presentation\vs2005\styles\Whidbey\presentation.css -&gt; G:\NTG git\GridControl\bin\help\Working\Output\Website\styles\Whidbey\presentation.css
    Last step completed in 00:00:00.2340
</buildStep>
<buildStep step="CopyConceptualContent">
Copying conceptual content...
Copying standard token shared content file...
Checking for other token files...
    G:\NTG git\GridControl\help\GridControlHelp.tokens -&gt; G:\NTG git\GridControl\bin\help\Working\GridControlHelp.tokens
Checking for code snippets files...
    Found G:\NTG git\GridControl\help\Code Snippets.snippets
Copying images and creating the media map file...
    G:\NTG git\GridControl\help\QuickStart\BeforeStarting\AssemblyRegistration\CompleteSelectItem.jpg -&gt; G:\NTG git\GridControl\bin\help\Working\Media\CompleteSelectItem.jpg
    G:\NTG git\GridControl\help\QuickStart\BeforeStarting\ProjectCreation\CreateControl.jpg -&gt; G:\NTG git\GridControl\bin\help\Working\Media\CreateControl.jpg
    G:\NTG git\GridControl\help\QuickStart\BeforeStarting\ProjectCreation\CreateProject.jpg -&gt; G:\NTG git\GridControl\bin\help\Working\Media\CreateProject.jpg
    G:\NTG git\GridControl\help\QuickStart\BeforeStarting\AssemblyRegistration\SelectItem.jpg -&gt; G:\NTG git\GridControl\bin\help\Working\Media\SelectItem.jpg
    G:\NTG git\GridControl\help\QuickStart\BeforeStarting\AssemblyRegistration\SelectItemInToolbox.jpg -&gt; G:\NTG git\GridControl\bin\help\Working\Media\SelectItemInToolbox.jpg
    G:\NTG git\GridControl\help\QuickStart\BeforeStarting\AssemblyRegistration\SelectItemInToolbox2.jpg -&gt; G:\NTG git\GridControl\bin\help\Working\Media\SelectItemInToolbox2.jpg
    G:\NTG git\GridControl\help\QuickStart\SimpleGridControl\SimpleGridControl.jpg -&gt; G:\NTG git\GridControl\bin\help\Working\Media\SimpleGridControl.jpg
Generating conceptual topic files
    Parsing topic file &#39;G:\NTG git\GridControl\help\QuickStart\QuickStart.aml&#39;
    G:\NTG git\GridControl\help\QuickStart\QuickStart.aml -&gt; G:\NTG git\GridControl\bin\help\Working\ddueXml\f4010ee5-e46e-4218-8332-01af8dc68ca6.xml
    Parsing topic file &#39;G:\NTG git\GridControl\help\QuickStart\BeforeStarting\BeforeStarting.aml&#39;
    G:\NTG git\GridControl\help\QuickStart\BeforeStarting\BeforeStarting.aml -&gt; G:\NTG git\GridControl\bin\help\Working\ddueXml\e3c8b1d6-121e-40c7-a92d-2177f4275216.xml
    Parsing topic file &#39;G:\NTG git\GridControl\help\QuickStart\SimpleGridControl\SimpleGridControl.aml&#39;
    G:\NTG git\GridControl\help\QuickStart\SimpleGridControl\SimpleGridControl.aml -&gt; G:\NTG git\GridControl\bin\help\Working\ddueXml\89926727-d3e6-4411-9d50-e97c8ae02487.xml
    Parsing topic file &#39;G:\NTG git\GridControl\help\QuickStart\ColumnExtension\ColumnExtension.aml&#39;
    G:\NTG git\GridControl\help\QuickStart\ColumnExtension\ColumnExtension.aml -&gt; G:\NTG git\GridControl\bin\help\Working\ddueXml\700fe066-b38d-44da-bf3d-2fe791df3ba6.xml
    Last step completed in 00:00:00.0468
</buildStep>
<buildStep step="CreateConceptualTopicConfigs">
Creating conceptual topic configuration files...
    Companion files
    _ContentMetadata_.xml
    ConceptualManifest.xml
    Last step completed in 00:00:00.0000
</buildStep>
<buildStep step="CopyAdditionalContent">
Copying additional content files...
No additional content to copy
    Last step completed in 00:00:00.0000
</buildStep>
<buildStep step="MergeTablesOfContents">
Merging conceptual and additional tables of contents...
    Last step completed in 00:00:00.0000
</buildStep>
<buildStep step="GenerateIntermediateTableOfContents">
Generating intermediate table of contents file...
[C:\Windows\Microsoft.NET\Framework\v4.0.30319\MSBuild.exe]
  XslTransform (v2.6.10621.1)
  Copyright ⓒ Microsoft 2005-2006
  Info: Applying XSL transformation &#39;C:\Program Files\Sandcastle\ProductionTransforms\CreateVSToc.xsl&#39;.
  reflection.xml -&gt; toc.xml
Generating conceptual content intermediate TOC file...
    Last step completed in 00:00:00.6552
</buildStep>
<buildStep step="CreateBuildAssemblerConfigs">
Creating Sandcastle configuration files...
    sandcastle.config
    conceptual.config
    Last step completed in 00:00:00.0156
</buildStep>
<buildStep step="MergeCustomConfigs">
Merging custom build component configurations
G:\NTG git\GridControl\bin\help\Working\sandcastle.config
    Added configuration for &#39;API Token Resolution&#39; before &#39;Show Missing Documentation Component&#39; (instance 1)
    Replaced configuration for &#39;Microsoft.Ddue.Tools.CopyFromIndexComponent&#39; (instance 3) with configuration for &#39;Cached Framework Comments Index Data&#39;
    Replaced configuration for &#39;Microsoft.Ddue.Tools.CopyFromIndexComponent&#39; (instance 1) with configuration for &#39;Cached Reflection Index Data&#39;
    Replacing default configuration for &#39;Code Block Component&#39; with the custom configuration
G:\NTG git\GridControl\bin\help\Working\conceptual.config
    Skipping component &#39;API Token Resolution&#39;, not used in conceptual build
    Skipping component &#39;Cached Framework Comments Index Data&#39;, not used in conceptual build
    Skipping component &#39;Cached Reflection Index Data&#39;, not used in conceptual build
    Replacing default configuration for &#39;Code Block Component&#39; with the custom configuration
    Last step completed in 00:00:00.0468
</buildStep>
<buildStep step="BuildConceptualTopics">
Building conceptual help topics...
[C:\Windows\Microsoft.NET\Framework\v4.0.30319\MSBuild.exe]
  BuildAssembler (v2.6.10621.1)
  Copyright ⓒ Microsoft 2006
  Info: CopyFromFileComponent: Instantiating component.
  Info: CopyFromFileComponent: Loading data file &#39;C:\Program Files\Sandcastle\Presentation\vs2005\Transforms\skeleton_conceptual.xml&#39;.
  Info: CopyFromIndexComponent: Instantiating component.
  Info: CopyFromIndexComponent: Searching for files that match &#39;ddueXml\*.xml&#39;.
  Info: CopyFromIndexComponent: Indexed 4 elements in 4 files.
  Info: CopyFromIndexComponent: Loaded 0 copy components.
  Info: SharedContentComponent: Instantiating component.
  Info: SharedContentComponent: Searching for files that match &#39;HelpFileBuilderTokens.tokens&#39;.
  Info: SharedContentComponent: Loading shared content file &#39;G:\NTG git\GridControl\bin\help\Working\HelpFileBuilderTokens.tokens&#39;.
  Info: SharedContentComponent: Found 1 files in HelpFileBuilderTokens.tokens.
  Info: SharedContentComponent: Searching for files that match &#39;GridControlHelp.tokens&#39;.
  Info: SharedContentComponent: Loading shared content file &#39;G:\NTG git\GridControl\bin\help\Working\GridControlHelp.tokens&#39;.
  Info: SharedContentComponent: Found 1 files in GridControlHelp.tokens.
  Info: SharedContentComponent: Loaded 4 shared content items.
  Info: CopyFromIndexComponent: Instantiating component.
  Info: CopyFromIndexComponent: Searching for files that match &#39;_ContentMetadata_.xml&#39;.
  Info: CopyFromIndexComponent: Indexed 4 elements in 1 files.
  Info: CopyFromIndexComponent: Loaded 0 copy components.
  Info: ExampleComponent: Instantiating component.
  Info: ExampleComponent: Loading code snippet file &#39;G:\NTG git\GridControl\help\Code Snippets.snippets&#39;.
  Info: ExampleComponent: Loaded 3 code snippets
  Info: ExampleComponent: Loaded 3 colorization rules for the language &#39;VisualBasic&#39;.
  Info: ExampleComponent: Loaded 4 colorization rules for the language &#39;CSharp&#39;.
  Info: ExampleComponent: Loaded 4 colorization rules for the language &#39;ManagedCPlusPlus&#39;.
  Info: ExampleComponent: Loaded 4 colorization rules for the language &#39;FSharp&#39;.
  Info: CodeBlockComponent: Instantiating component.
  Info: CodeBlockComponent: 
      [Sandcastle Help File Builder, version 1.9.3.0]
      Code Block Component. Copyright ⓒ 2006-2011, Eric Woodruff, All Rights Reserved.
      Portions copyright (c) 2003, Jonathan de Halleux, All rights reserved.
      http://SHFB.CodePlex.com
  Info: TransformComponent: Instantiating component.
  Info: PostTransformComponent: Instantiating component.
  Info: PostTransformComponent: 
      [Sandcastle Help File Builder, version 1.9.3.0]
      Post-Transform Component. Copyright ⓒ 2006-2011, Eric Woodruff, All Rights Reserved
      http://SHFB.CodePlex.com
  Info: MultiFormatOutputComponent: Instantiating component.
  Info: MultiFormatOutputComponent: 
      [Sandcastle Help File Builder, version 1.9.3.0]
      Multi-Format Output Component. Copyright ⓒ 2006-2011, Eric Woodruff, All Rights Reserved
      http://SHFB.CodePlex.com
  Info: MultiFormatOutputComponent: Loading components for Website format
  Info: SharedContentComponent: Instantiating component.
  Info: SharedContentComponent: Searching for files that match &#39;C:\Program Files\Sandcastle\Presentation\vs2005\content\shared_content.xml&#39;.
  Info: SharedContentComponent: Loading shared content file &#39;C:\Program Files\Sandcastle\Presentation\vs2005\content\shared_content.xml&#39;.
  Info: SharedContentComponent: Found 1 files in C:\Program Files\Sandcastle\Presentation\vs2005\content\shared_content.xml.
  Info: SharedContentComponent: Searching for files that match &#39;C:\Program Files\Sandcastle\Presentation\vs2005\content\feedBack_content.xml&#39;.
  Info: SharedContentComponent: Loading shared content file &#39;C:\Program Files\Sandcastle\Presentation\vs2005\content\feedBack_content.xml&#39;.
  Info: SharedContentComponent: Found 1 files in C:\Program Files\Sandcastle\Presentation\vs2005\content\feedBack_content.xml.
  Info: SharedContentComponent: Searching for files that match &#39;C:\Program Files\Sandcastle\Presentation\vs2005\content\conceptual_content.xml&#39;.
  Info: SharedContentComponent: Loading shared content file &#39;C:\Program Files\Sandcastle\Presentation\vs2005\content\conceptual_content.xml&#39;.
  Info: SharedContentComponent: Found 1 files in C:\Program Files\Sandcastle\Presentation\vs2005\content\conceptual_content.xml.
  Info: SharedContentComponent: Searching for files that match &#39;SharedBuilderContent.xml&#39;.
  Info: SharedContentComponent: Loading shared content file &#39;G:\NTG git\GridControl\bin\help\Working\SharedBuilderContent.xml&#39;.
  Info: SharedContentComponent: Overriding shared content item &#39;producttitle&#39; with value in file &#39;G:\NTG git\GridControl\bin\help\Working\SharedBuilderContent.xml&#39;.
  Info: SharedContentComponent: Overriding shared content item &#39;copycode&#39; with value in file &#39;G:\NTG git\GridControl\bin\help\Working\SharedBuilderContent.xml&#39;.
  Info: SharedContentComponent: Overriding shared content item &#39;locale&#39; with value in file &#39;G:\NTG git\GridControl\bin\help\Working\SharedBuilderContent.xml&#39;.
  Info: SharedContentComponent: Found 1 files in SharedBuilderContent.xml.
  Info: SharedContentComponent: Searching for files that match &#39;PresentationStyleBuilderContent.xml&#39;.
  Info: SharedContentComponent: Loading shared content file &#39;G:\NTG git\GridControl\bin\help\Working\PresentationStyleBuilderContent.xml&#39;.
  Info: SharedContentComponent: Overriding shared content item &#39;header&#39; with value in file &#39;G:\NTG git\GridControl\bin\help\Working\PresentationStyleBuilderContent.xml&#39;.
  Info: SharedContentComponent: Overriding shared content item &#39;footer&#39; with value in file &#39;G:\NTG git\GridControl\bin\help\Working\PresentationStyleBuilderContent.xml&#39;.
  Info: SharedContentComponent: Overriding shared content item &#39;fb_alias&#39; with value in file &#39;G:\NTG git\GridControl\bin\help\Working\PresentationStyleBuilderContent.xml&#39;.
  Info: SharedContentComponent: Overriding shared content item &#39;fb_product&#39; with value in file &#39;G:\NTG git\GridControl\bin\help\Working\PresentationStyleBuilderContent.xml&#39;.
  Info: SharedContentComponent: Overriding shared content item &#39;fb_body&#39; with value in file &#39;G:\NTG git\GridControl\bin\help\Working\PresentationStyleBuilderContent.xml&#39;.
  Info: SharedContentComponent: Overriding shared content item &#39;fb_send&#39; with value in file &#39;G:\NTG git\GridControl\bin\help\Working\PresentationStyleBuilderContent.xml&#39;.
  Info: SharedContentComponent: Overriding shared content item &#39;fb_headerfeedback&#39; with value in file &#39;G:\NTG git\GridControl\bin\help\Working\PresentationStyleBuilderContent.xml&#39;.
  Info: SharedContentComponent: Overriding shared content item &#39;feedback_alias&#39; with value in file &#39;G:\NTG git\GridControl\bin\help\Working\PresentationStyleBuilderContent.xml&#39;.
  Info: SharedContentComponent: Overriding shared content item &#39;feedback_product&#39; with value in file &#39;G:\NTG git\GridControl\bin\help\Working\PresentationStyleBuilderContent.xml&#39;.
  Info: SharedContentComponent: Overriding shared content item &#39;feedback_body&#39; with value in file &#39;G:\NTG git\GridControl\bin\help\Working\PresentationStyleBuilderContent.xml&#39;.
  Info: SharedContentComponent: Found 1 files in PresentationStyleBuilderContent.xml.
  Info: SharedContentComponent: Loaded 209 shared content items.
  Info: ResolveArtLinksComponent: Instantiating component.
  Info: ResolveArtLinksComponent: Indexed 7 art targets.
  Info: ResolveConceptualLinksComponent: Instantiating component.
  Info: ResolveConceptualLinksComponent: Collected 1 targets directories.
  Info: ResolveReferenceLinksComponent2: Instantiating component.
  Info: ResolveReferenceLinksComponent2: Creating MSDN URL resolver.
  Info: ResolveReferenceLinksComponent2: Searching directory &#39;C:\Program Files\Sandcastle\Data\Reflection&#39; for targets files of the form &#39;*.xml&#39;.
  Info: ResolveReferenceLinksComponent2: Searching directory &#39;G:\NTG git\GridControl\bin\help\Working&#39; for targets files of the form &#39;reflection.xml&#39;.
  Info: ResolveReferenceLinksComponent2: Loaded 203578 reference targets.
  Info: SaveComponent: Instantiating component.
  Info: BuildAssembler: Building topic f4010ee5-e46e-4218-8332-01af8dc68ca6
  Info: BuildAssembler: Building topic e3c8b1d6-121e-40c7-a92d-2177f4275216
  Info: BuildAssembler: Building topic 89926727-d3e6-4411-9d50-e97c8ae02487
  Warn: ResolveReferenceLinksComponent2: Unknown reference link target &#39;P:Ntreev.Windows.Forms.Grid.DataSource&#39;.
  Info: BuildAssembler: Building topic 700fe066-b38d-44da-bf3d-2fe791df3ba6
BUILDASSEMBLER : error : CodeBlockComponent: Unable to load source file &#39;G:\NTG git\GridControl\samples\ColumnExtension\CheckControl.cs&#39;.  Error: &#39;G:\NTG git\GridControl\samples\ColumnExtension\CheckControl.cs&#39; 파일을 찾을 수 없습니다. [G:\NTG git\GridControl\bin\help\Working\BuildConceptualTopics.proj]
    Last step completed in 00:00:17.2855
</buildStep>
<buildStep step="Failed">

SHFB: Error BE0043: Unexpected error detected in last build step.  See output above for details.

</buildStep>
</shfbBuild>
